<?xml version="1.0" encoding="UTF-8"?>
<!-- Generated by org.testng.reporters.JUnitReportReporter -->
<testsuite hostname="RAYAN" failures="0" tests="1" name="com.happy.Automation4.class2" time="19.569" errors="0" timestamp="2023-08-28T20:40:38 EDT" skipped="0">
  <testcase classname="com.happy.Automation4.class2" name="happy" time="19.569"/>
</testsuite> <!-- com.happy.Automation4.class2 -->
