<?xml version="1.0" encoding="UTF-8"?>
<!-- Generated by org.testng.reporters.JUnitReportReporter -->
<testsuite hostname="RAYAN" failures="0" tests="1" name="com.happy.Automation4.class1" time="19.578" errors="0" timestamp="2023-08-27T20:14:33 EDT" skipped="0">
  <testcase classname="com.happy.Automation4.class1" name="happy" time="19.578"/>
</testsuite> <!-- com.happy.Automation4.class1 -->
